  [1m[35m (85.4ms)[0m  [1m[35mCREATE TABLE "schema_migrations" ("version" character varying NOT NULL PRIMARY KEY)[0m
  [1m[35m (39.3ms)[0m  [1m[35mCREATE TABLE "ar_internal_metadata" ("key" character varying NOT NULL PRIMARY KEY, "value" character varying, "created_at" timestamp NOT NULL, "updated_at" timestamp NOT NULL)[0m
  [1m[35m (41.4ms)[0m  [1m[34mSELECT pg_try_advisory_lock(2413284633959057040)[0m
  [1m[35m (1.4ms)[0m  [1m[34mSELECT "schema_migrations"."version" FROM "schema_migrations" ORDER BY "schema_migrations"."version" ASC[0m
Migrating to DeviseCreateUsers (20200108153507)
  [1m[35m (0.2ms)[0m  [1m[35mBEGIN[0m
  [1m[35m (9.0ms)[0m  [1m[35mCREATE TABLE "users" ("id" bigserial primary key, "email" character varying DEFAULT '' NOT NULL, "encrypted_password" character varying DEFAULT '' NOT NULL, "reset_password_token" character varying, "reset_password_sent_at" timestamp, "remember_created_at" timestamp, "created_at" timestamp NOT NULL, "updated_at" timestamp NOT NULL)[0m
  [1m[35m (2.4ms)[0m  [1m[35mCREATE UNIQUE INDEX  "index_users_on_email" ON "users"  ("email")[0m
  [1m[35m (2.7ms)[0m  [1m[35mCREATE UNIQUE INDEX  "index_users_on_reset_password_token" ON "users"  ("reset_password_token")[0m
  [1m[35mSQL (1.8ms)[0m  [1m[32mINSERT INTO "schema_migrations" ("version") VALUES ($1) RETURNING "version"[0m  [["version", "20200108153507"]]
  [1m[35m (9.9ms)[0m  [1m[35mCOMMIT[0m
Migrating to CreateFeeds (20200113112551)
  [1m[35m (53.3ms)[0m  [1m[35mBEGIN[0m
  [1m[35m (20.8ms)[0m  [1m[35mCREATE TABLE "feeds" ("id" bigserial primary key, "created_at" timestamp NOT NULL, "image_string" character varying, "updated_at" timestamp NOT NULL)[0m
  [1m[35mSQL (18.5ms)[0m  [1m[32mINSERT INTO "schema_migrations" ("version") VALUES ($1) RETURNING "version"[0m  [["version", "20200113112551"]]
  [1m[35m (1.1ms)[0m  [1m[35mCOMMIT[0m
  [1m[36mActiveRecord::InternalMetadata Load (0.9ms)[0m  [1m[34mSELECT  "ar_internal_metadata".* FROM "ar_internal_metadata" WHERE "ar_internal_metadata"."key" = $1 LIMIT $2[0m  [["key", "environment"], ["LIMIT", 1]]
  [1m[35m (0.2ms)[0m  [1m[35mBEGIN[0m
  [1m[35mSQL (4.3ms)[0m  [1m[32mINSERT INTO "ar_internal_metadata" ("key", "value", "created_at", "updated_at") VALUES ($1, $2, $3, $4) RETURNING "key"[0m  [["key", "environment"], ["value", "development"], ["created_at", "2020-01-13 11:48:20.770270"], ["updated_at", "2020-01-13 11:48:20.770270"]]
  [1m[35m (0.3ms)[0m  [1m[35mCOMMIT[0m
  [1m[35m (4.3ms)[0m  [1m[34mSELECT pg_advisory_unlock(2413284633959057040)[0m
  [1m[35m (1.9ms)[0m  [1m[34mSELECT "schema_migrations"."version" FROM "schema_migrations" ORDER BY "schema_migrations"."version" ASC[0m
Started GET "/" for ::1 at 2020-01-13 16:02:26 +0000
  [1m[35m (9.0ms)[0m  [1m[34mSELECT "schema_migrations"."version" FROM "schema_migrations" ORDER BY "schema_migrations"."version" ASC[0m
Processing by FeedController#show as HTML
  [1m[36mFeed Load (57.3ms)[0m  [1m[34mSELECT "feeds".* FROM "feeds" ORDER BY created_at DESC[0m
  Rendering feed/images.html.erb within layouts/application
  Rendered feed/images.html.erb within layouts/application (3.1ms)
Completed 200 OK in 1608ms (Views: 1481.5ms | ActiveRecord: 89.6ms)


Started GET "/users/sign_up" for ::1 at 2020-01-13 16:02:35 +0000
Processing by Devise::RegistrationsController#new as HTML
  Rendering devise/registrations/new.html.erb within layouts/application
  Rendered devise/shared/_error_messages.html.erb (1.3ms)
  Rendered devise/registrations/new.html.erb within layouts/application (69.7ms)
Completed 200 OK in 595ms (Views: 103.5ms | ActiveRecord: 387.5ms)


Started GET "/users/sign_up" for ::1 at 2020-01-13 16:02:49 +0000
Processing by Devise::RegistrationsController#new as HTML
  Rendering devise/registrations/new.html.erb within layouts/application
  Rendered devise/shared/_error_messages.html.erb (1.0ms)
  Rendered devise/registrations/new.html.erb within layouts/application (7.4ms)
Completed 200 OK in 321ms (Views: 319.4ms | ActiveRecord: 0.0ms)


Started GET "/" for ::1 at 2020-01-13 16:09:08 +0000
  [1m[35m (26.9ms)[0m  [1m[34mSELECT "schema_migrations"."version" FROM "schema_migrations" ORDER BY "schema_migrations"."version" ASC[0m
Processing by FeedController#show as HTML
  [1m[36mFeed Load (13.9ms)[0m  [1m[34mSELECT "feeds".* FROM "feeds" ORDER BY created_at DESC[0m
  Rendering feed/images.html.erb within layouts/application
  Rendered feed/images.html.erb within layouts/application (2.4ms)
Completed 200 OK in 568ms (Views: 481.6ms | ActiveRecord: 66.7ms)


Started GET "/" for ::1 at 2020-01-13 16:09:29 +0000
Processing by FeedController#show as HTML
  [1m[36mFeed Load (1.6ms)[0m  [1m[34mSELECT "feeds".* FROM "feeds" ORDER BY created_at DESC[0m
  Rendering feed/images.html.erb within layouts/application
  Rendered feed/images.html.erb within layouts/application (5.2ms)
Completed 200 OK in 270ms (Views: 96.5ms | ActiveRecord: 1.6ms)


